app/build/intermediates/manifest_merge_blame_file/debug/manifest-merger-blame-debug-report.txt
1<?xml version="1.0" encoding="utf-8"?>
2<manifest xmlns:android="http://schemas.android.com/apk/res/android"
3    package="kr.khs.studyfarm"
4    android:versionCode="1"
5    android:versionName="1.0" >
6
7    <uses-sdk
8        android:minSdkVersion="26"
8-->src/main/AndroidManifest.xml
9        android:targetSdkVersion="30" />
9-->src/main/AndroidManifest.xml
10
11    <uses-permission android:name="android.permission.INTERNET" />
11-->src/main/AndroidManifest.xml:5:5-67
11-->src/main/AndroidManifest.xml:5:22-64
12
13    <queries>
13-->[com.kakao.sdk:v2-common:2.2.0] AndroidManifest.xml:11:5-17:15
14        <package android:name="com.kakao.talk" />
14-->[com.kakao.sdk:v2-common:2.2.0] AndroidManifest.xml:12:9-50
14-->[com.kakao.sdk:v2-common:2.2.0] AndroidManifest.xml:12:18-47
15        <package android:name="com.kakao.onetalk" />
15-->[com.kakao.sdk:v2-common:2.2.0] AndroidManifest.xml:13:9-53
15-->[com.kakao.sdk:v2-common:2.2.0] AndroidManifest.xml:13:18-50
16        <package android:name="com.android.chrome" />
16-->[com.kakao.sdk:v2-common:2.2.0] AndroidManifest.xml:14:9-54
16-->[com.kakao.sdk:v2-common:2.2.0] AndroidManifest.xml:14:18-51
17        <package android:name="com.chrome.beta" />
17-->[com.kakao.sdk:v2-common:2.2.0] AndroidManifest.xml:15:9-51
17-->[com.kakao.sdk:v2-common:2.2.0] AndroidManifest.xml:15:18-48
18        <package android:name="com.chrome.dev" />
18-->[com.kakao.sdk:v2-common:2.2.0] AndroidManifest.xml:16:9-50
18-->[com.kakao.sdk:v2-common:2.2.0] AndroidManifest.xml:16:18-47
19    </queries>
20
21    <application
21-->src/main/AndroidManifest.xml:7:5-43:19
22        android:name="kr.khs.studyfarm.GlobalApplication"
22-->src/main/AndroidManifest.xml:8:9-42
23        android:allowBackup="true"
23-->src/main/AndroidManifest.xml:9:9-35
24        android:appComponentFactory="androidx.core.app.CoreComponentFactory"
24-->[androidx.core:core:1.3.2] AndroidManifest.xml:24:18-86
25        android:debuggable="true"
26        android:extractNativeLibs="false"
27        android:icon="@mipmap/ic_launcher"
27-->src/main/AndroidManifest.xml:10:9-43
28        android:label="@string/app_name"
28-->src/main/AndroidManifest.xml:11:9-41
29        android:networkSecurityConfig="@xml/network_security_config"
29-->src/main/AndroidManifest.xml:12:9-69
30        android:roundIcon="@mipmap/ic_launcher_round"
30-->src/main/AndroidManifest.xml:13:9-54
31        android:supportsRtl="true"
31-->src/main/AndroidManifest.xml:14:9-35
32        android:testOnly="true"
33        android:theme="@style/AppTheme" >
33-->src/main/AndroidManifest.xml:15:9-40
34        <activity android:name="kr.khs.studyfarm.view.MainActivity" />
34-->src/main/AndroidManifest.xml:16:9-55
34-->src/main/AndroidManifest.xml:16:19-52
35        <activity android:name="kr.khs.studyfarm.view.SplashActivity" >
35-->src/main/AndroidManifest.xml:17:9-23:20
35-->src/main/AndroidManifest.xml:17:19-54
36
37            <!-- <intent-filter> -->
38            <!-- <action android:name="android.intent.action.MAIN" /> -->
39
40
41            <!-- <category android:name="android.intent.category.LAUNCHER" /> -->
42            <!-- </intent-filter> -->
43        </activity>
44        <activity android:name="kr.khs.studyfarm.view.TestActivity" >
44-->src/main/AndroidManifest.xml:24:9-30:20
44-->src/main/AndroidManifest.xml:24:19-52
45            <intent-filter>
45-->src/main/AndroidManifest.xml:25:13-29:29
46                <action android:name="android.intent.action.MAIN" />
46-->src/main/AndroidManifest.xml:26:17-69
46-->src/main/AndroidManifest.xml:26:25-66
47
48                <category android:name="android.intent.category.LAUNCHER" />
48-->src/main/AndroidManifest.xml:28:17-77
48-->src/main/AndroidManifest.xml:28:27-74
49            </intent-filter>
50        </activity>
51        <activity android:name="kr.khs.studyfarm.view.SignActivity" />
51-->src/main/AndroidManifest.xml:31:9-55
51-->src/main/AndroidManifest.xml:31:19-52
52        <activity
52-->src/main/AndroidManifest.xml:32:9-42:20
53            android:name="com.kakao.sdk.auth.AuthCodeHandlerActivity"
53-->src/main/AndroidManifest.xml:32:19-76
54            android:launchMode="singleTask"
54-->[com.kakao.sdk:v2-auth:2.2.0] AndroidManifest.xml:19:13-44
55            android:theme="@style/TransparentCompat" >
55-->[com.kakao.sdk:v2-auth:2.2.0] AndroidManifest.xml:20:13-53
56            <intent-filter>
56-->src/main/AndroidManifest.xml:33:13-41:29
57                <action android:name="android.intent.action.VIEW" />
57-->src/main/AndroidManifest.xml:34:17-69
57-->src/main/AndroidManifest.xml:34:25-66
58
59                <category android:name="android.intent.category.DEFAULT" />
59-->src/main/AndroidManifest.xml:35:17-76
59-->src/main/AndroidManifest.xml:35:27-73
60                <category android:name="android.intent.category.BROWSABLE" />
60-->src/main/AndroidManifest.xml:36:17-78
60-->src/main/AndroidManifest.xml:36:27-75
61
62                <!-- Redirect URI: "kakao{NATIVE_APP_KEY}://oauth“ -->
63                <data
63-->src/main/AndroidManifest.xml:39:17-40:61
64                    android:host="oauth"
64-->src/main/AndroidManifest.xml:39:23-43
65                    android:scheme="@string/kakao_scheme" />
65-->src/main/AndroidManifest.xml:40:21-58
66            </intent-filter>
67        </activity>
68        <activity
68-->[com.kakao.sdk:v2-auth:2.2.0] AndroidManifest.xml:12:9-16:56
69            android:name="com.kakao.sdk.auth.TalkAuthCodeActivity"
69-->[com.kakao.sdk:v2-auth:2.2.0] AndroidManifest.xml:13:13-67
70            android:exported="false"
70-->[com.kakao.sdk:v2-auth:2.2.0] AndroidManifest.xml:14:13-37
71            android:launchMode="singleTask"
71-->[com.kakao.sdk:v2-auth:2.2.0] AndroidManifest.xml:15:13-44
72            android:theme="@style/TransparentCompat" />
72-->[com.kakao.sdk:v2-auth:2.2.0] AndroidManifest.xml:16:13-53
73
74        <provider
74-->[androidx.lifecycle:lifecycle-process:2.2.0] AndroidManifest.xml:25:9-29:43
75            android:name="androidx.lifecycle.ProcessLifecycleOwnerInitializer"
75-->[androidx.lifecycle:lifecycle-process:2.2.0] AndroidManifest.xml:26:13-79
76            android:authorities="kr.khs.studyfarm.lifecycle-process"
76-->[androidx.lifecycle:lifecycle-process:2.2.0] AndroidManifest.xml:27:13-69
77            android:exported="false"
77-->[androidx.lifecycle:lifecycle-process:2.2.0] AndroidManifest.xml:28:13-37
78            android:multiprocess="true" />
78-->[androidx.lifecycle:lifecycle-process:2.2.0] AndroidManifest.xml:29:13-40
79    </application>
80
81</manifest>